[2021-12-28 14:27:10]--[src_cgi/dealfile_cgi.c:42]--mysql:[user=root,pwd=123456,database=cloud_disk][2021-12-28 14:27:10]--[src_cgi/dealfile_cgi.c:47]--redis:[ip=127.0.0.1,port=6379]
[2021-12-28 14:29:06]--[src_cgi/dealfile_cgi.c:42]--mysql:[user=root,pwd=123456,database=cloud_disk][2021-12-28 14:29:06]--[src_cgi/dealfile_cgi.c:47]--redis:[ip=127.0.0.1,port=6379]
[2021-12-28 14:32:59]--[src_cgi/dealfile_cgi.c:695]--cmd = share
[2021-12-28 14:32:59]--[src_cgi/dealfile_cgi.c:727]--buf = {
    "filename": "新建文本文档.txt",
    "md5": "d41d8cd98f00b204e9800998ecf8427e",
    "token": "fcc967746e9baad1a5de4bb393ee1073",
    "user": "hxl11"
}

[2021-12-28 14:32:59]--[src_cgi/dealfile_cgi.c:730]--user = hxl11, token = fcc967746e9baad1a5de4bb393ee1073, md5 = d41d8cd98f00b204e9800998ecf8427e, filename = 新建文本文档.txt
[2021-12-28 14:33:38]--[src_cgi/dealfile_cgi.c:695]--cmd = del
[2021-12-28 14:33:38]--[src_cgi/dealfile_cgi.c:727]--buf = {
    "filename": "ui_sharelist.h",
    "md5": "34aff63d5edd46fb6798e7526cc4c378",
    "token": "fcc967746e9baad1a5de4bb393ee1073",
    "user": "hxl11"
}

[2021-12-28 14:33:38]--[src_cgi/dealfile_cgi.c:730]--user = hxl11, token = fcc967746e9baad1a5de4bb393ee1073, md5 = 34aff63d5edd46fb6798e7526cc4c378, filename = ui_sharelist.h
[2021-12-28 14:33:38]--[src_cgi/dealfile_cgi.c:329]--remove_file_from_storage ret = 0
[2021-12-28 22:31:48]--[src_cgi/dealfile_cgi.c:42]--mysql:[user=root,pwd=123456,database=cloud_disk][2021-12-28 22:31:48]--[src_cgi/dealfile_cgi.c:47]--redis:[ip=127.0.0.1,port=6379]
