[2021-12-28 14:27:10]--[src_cgi/sharefiles_cgi.c:42]--mysql:[user=root,pwd=123456,database=cloud_disk][2021-12-28 14:27:10]--[src_cgi/sharefiles_cgi.c:47]--redis:[ip=127.0.0.1,port=6379]
[2021-12-28 14:29:06]--[src_cgi/sharefiles_cgi.c:42]--mysql:[user=root,pwd=123456,database=cloud_disk][2021-12-28 14:29:06]--[src_cgi/sharefiles_cgi.c:47]--redis:[ip=127.0.0.1,port=6379]
[2021-12-28 14:33:01]--[src_cgi/sharefiles_cgi.c:598]--cmd = count
[2021-12-28 14:33:01]--[src_cgi/sharefiles_cgi.c:85]--line = 1
[2021-12-28 14:33:01]--[src_cgi/sharefiles_cgi.c:598]--cmd = normal
[2021-12-28 14:33:01]--[src_cgi/sharefiles_cgi.c:636]--buf = {
    "count": 1,
    "start": 0
}

[2021-12-28 14:33:01]--[src_cgi/sharefiles_cgi.c:645]--start = 0, count = 1
[2021-12-28 14:33:01]--[src_cgi/sharefiles_cgi.c:172]--select share_file_list.*, file_info.url, file_info.size, file_info.type from file_info, share_file_list where file_info.md5 = share_file_list.md5 limit 0, 1 在操作
[2021-12-28 14:33:01]--[src_cgi/sharefiles_cgi.c:292]--{
	"files":	[{
			"user":	"hxl11",
			"md5":	"d41d8cd98f00b204e9800998ecf8427e",
			"time":	"2021-12-28 14:32:59",
			"filename":	"新建文本文档.txt",
			"share_status":	1,
			"pv":	0,
			"url":	"http://192.168.147.133:80/group1/M00/00/00/wKiThWHKr4eAHn97AAAAAAAAAAA415.txt",
			"size":	0,
			"type":	"txt"
		}]
}
[2021-12-28 14:33:20]--[src_cgi/sharefiles_cgi.c:598]--cmd = count
[2021-12-28 14:33:20]--[src_cgi/sharefiles_cgi.c:85]--line = 1
[2021-12-28 14:33:20]--[src_cgi/sharefiles_cgi.c:598]--cmd = pvdesc
[2021-12-28 14:33:20]--[src_cgi/sharefiles_cgi.c:636]--buf = {
    "count": 1,
    "start": 0
}

[2021-12-28 14:33:20]--[src_cgi/sharefiles_cgi.c:645]--start = 0, count = 1
[2021-12-28 14:33:20]--[src_cgi/sharefiles_cgi.c:399]--sql_num = 1, redis_num = 4
[2021-12-28 14:33:20]--[src_cgi/sharefiles_cgi.c:413]--select md5, filename, pv from share_file_list order by pv desc 在操作
[2021-12-28 14:33:20]--[src_cgi/sharefiles_cgi.c:529]--{
	"files":	[{
			"filename":	"新建文本文档.txt",
			"pv":	0
		}]
}
[2021-12-28 14:33:20]--[src_cgi/sharefiles_cgi.c:598]--cmd = count
[2021-12-28 14:33:20]--[src_cgi/sharefiles_cgi.c:85]--line = 1
[2021-12-28 14:33:20]--[src_cgi/sharefiles_cgi.c:598]--cmd = normal
[2021-12-28 14:33:20]--[src_cgi/sharefiles_cgi.c:636]--buf = {
    "count": 1,
    "start": 0
}

[2021-12-28 14:33:20]--[src_cgi/sharefiles_cgi.c:645]--start = 0, count = 1
[2021-12-28 14:33:20]--[src_cgi/sharefiles_cgi.c:172]--select share_file_list.*, file_info.url, file_info.size, file_info.type from file_info, share_file_list where file_info.md5 = share_file_list.md5 limit 0, 1 在操作
[2021-12-28 14:33:20]--[src_cgi/sharefiles_cgi.c:292]--{
	"files":	[{
			"user":	"hxl11",
			"md5":	"d41d8cd98f00b204e9800998ecf8427e",
			"time":	"2021-12-28 14:32:59",
			"filename":	"新建文本文档.txt",
			"share_status":	1,
			"pv":	0,
			"url":	"http://192.168.147.133:80/group1/M00/00/00/wKiThWHKr4eAHn97AAAAAAAAAAA415.txt",
			"size":	0,
			"type":	"txt"
		}]
}
[2021-12-28 14:33:21]--[src_cgi/sharefiles_cgi.c:598]--cmd = count
[2021-12-28 14:33:21]--[src_cgi/sharefiles_cgi.c:85]--line = 1
[2021-12-28 14:33:21]--[src_cgi/sharefiles_cgi.c:598]--cmd = pvdesc
[2021-12-28 14:33:21]--[src_cgi/sharefiles_cgi.c:636]--buf = {
    "count": 1,
    "start": 0
}

[2021-12-28 14:33:21]--[src_cgi/sharefiles_cgi.c:645]--start = 0, count = 1
[2021-12-28 14:33:21]--[src_cgi/sharefiles_cgi.c:399]--sql_num = 1, redis_num = 1
[2021-12-28 14:33:21]--[src_cgi/sharefiles_cgi.c:529]--{
	"files":	[{
			"filename":	"新建文本文档.txt",
			"pv":	0
		}]
}
[2021-12-28 14:33:22]--[src_cgi/sharefiles_cgi.c:598]--cmd = count
[2021-12-28 14:33:22]--[src_cgi/sharefiles_cgi.c:85]--line = 1
[2021-12-28 14:33:22]--[src_cgi/sharefiles_cgi.c:598]--cmd = normal
[2021-12-28 14:33:22]--[src_cgi/sharefiles_cgi.c:636]--buf = {
    "count": 1,
    "start": 0
}

[2021-12-28 14:33:22]--[src_cgi/sharefiles_cgi.c:645]--start = 0, count = 1
[2021-12-28 14:33:22]--[src_cgi/sharefiles_cgi.c:172]--select share_file_list.*, file_info.url, file_info.size, file_info.type from file_info, share_file_list where file_info.md5 = share_file_list.md5 limit 0, 1 在操作
[2021-12-28 14:33:22]--[src_cgi/sharefiles_cgi.c:292]--{
	"files":	[{
			"user":	"hxl11",
			"md5":	"d41d8cd98f00b204e9800998ecf8427e",
			"time":	"2021-12-28 14:32:59",
			"filename":	"新建文本文档.txt",
			"share_status":	1,
			"pv":	0,
			"url":	"http://192.168.147.133:80/group1/M00/00/00/wKiThWHKr4eAHn97AAAAAAAAAAA415.txt",
			"size":	0,
			"type":	"txt"
		}]
}
[2021-12-28 14:33:35]--[src_cgi/sharefiles_cgi.c:598]--cmd = count
[2021-12-28 14:33:35]--[src_cgi/sharefiles_cgi.c:85]--line = 1
[2021-12-28 14:33:35]--[src_cgi/sharefiles_cgi.c:598]--cmd = normal
[2021-12-28 14:33:35]--[src_cgi/sharefiles_cgi.c:636]--buf = {
    "count": 1,
    "start": 0
}

[2021-12-28 14:33:35]--[src_cgi/sharefiles_cgi.c:645]--start = 0, count = 1
[2021-12-28 14:33:35]--[src_cgi/sharefiles_cgi.c:172]--select share_file_list.*, file_info.url, file_info.size, file_info.type from file_info, share_file_list where file_info.md5 = share_file_list.md5 limit 0, 1 在操作
[2021-12-28 14:33:35]--[src_cgi/sharefiles_cgi.c:292]--{
	"files":	[{
			"user":	"hxl11",
			"md5":	"d41d8cd98f00b204e9800998ecf8427e",
			"time":	"2021-12-28 14:32:59",
			"filename":	"新建文本文档.txt",
			"share_status":	1,
			"pv":	0,
			"url":	"http://192.168.147.133:80/group1/M00/00/00/wKiThWHKr4eAHn97AAAAAAAAAAA415.txt",
			"size":	0,
			"type":	"txt"
		}]
}
[2021-12-28 14:33:40]--[src_cgi/sharefiles_cgi.c:598]--cmd = count
[2021-12-28 14:33:40]--[src_cgi/sharefiles_cgi.c:85]--line = 1
[2021-12-28 14:33:40]--[src_cgi/sharefiles_cgi.c:598]--cmd = normal
[2021-12-28 14:33:40]--[src_cgi/sharefiles_cgi.c:636]--buf = {
    "count": 1,
    "start": 0
}

[2021-12-28 14:33:40]--[src_cgi/sharefiles_cgi.c:645]--start = 0, count = 1
[2021-12-28 14:33:40]--[src_cgi/sharefiles_cgi.c:172]--select share_file_list.*, file_info.url, file_info.size, file_info.type from file_info, share_file_list where file_info.md5 = share_file_list.md5 limit 0, 1 在操作
[2021-12-28 14:33:40]--[src_cgi/sharefiles_cgi.c:292]--{
	"files":	[{
			"user":	"hxl11",
			"md5":	"d41d8cd98f00b204e9800998ecf8427e",
			"time":	"2021-12-28 14:32:59",
			"filename":	"新建文本文档.txt",
			"share_status":	1,
			"pv":	0,
			"url":	"http://192.168.147.133:80/group1/M00/00/00/wKiThWHKr4eAHn97AAAAAAAAAAA415.txt",
			"size":	0,
			"type":	"txt"
		}]
}
[2021-12-28 14:33:41]--[src_cgi/sharefiles_cgi.c:598]--cmd = count
[2021-12-28 14:33:41]--[src_cgi/sharefiles_cgi.c:85]--line = 1
[2021-12-28 14:33:41]--[src_cgi/sharefiles_cgi.c:598]--cmd = pvdesc
[2021-12-28 14:33:41]--[src_cgi/sharefiles_cgi.c:636]--buf = {
    "count": 1,
    "start": 0
}

[2021-12-28 14:33:41]--[src_cgi/sharefiles_cgi.c:645]--start = 0, count = 1
[2021-12-28 14:33:41]--[src_cgi/sharefiles_cgi.c:399]--sql_num = 1, redis_num = 1
[2021-12-28 14:33:41]--[src_cgi/sharefiles_cgi.c:529]--{
	"files":	[{
			"filename":	"新建文本文档.txt",
			"pv":	0
		}]
}
[2021-12-28 22:31:48]--[src_cgi/sharefiles_cgi.c:42]--mysql:[user=root,pwd=123456,database=cloud_disk][2021-12-28 22:31:48]--[src_cgi/sharefiles_cgi.c:47]--redis:[ip=127.0.0.1,port=6379]
